Analysis & Synthesis report for Clock
Thu Jan 07 10:39:20 2021
Quartus II Version 9.1 Build 350 03/24/2010 Service Pack 2 SJ Web Edition


---------------------
; Table of Contents ;
---------------------
  1. Legal Notice
  2. Analysis & Synthesis Summary
  3. Analysis & Synthesis Settings
  4. Parallel Compilation
  5. Analysis & Synthesis Source Files Read
  6. Analysis & Synthesis Resource Usage Summary
  7. Analysis & Synthesis Resource Utilization by Entity
  8. User-Specified and Inferred Latches
  9. General Register Statistics
 10. Multiplexer Restructuring Statistics (Restructuring Performed)
 11. Port Connectivity Checks: "Counter6:USec1"
 12. Analysis & Synthesis Messages



----------------
; Legal Notice ;
----------------
Copyright (C) 1991-2010 Altera Corporation
Your use of Altera Corporation's design tools, logic functions 
and other software and tools, and its AMPP partner logic 
functions, and any output files from any of the foregoing 
(including device programming or simulation files), and any 
associated documentation or information are expressly subject 
to the terms and conditions of the Altera Program License 
Subscription Agreement, Altera MegaCore Function License 
Agreement, or other applicable license agreement, including, 
without limitation, that your use is for the sole purpose of 
programming logic devices manufactured by Altera and sold by 
Altera or its authorized distributors.  Please refer to the 
applicable agreement for further details.



+-----------------------------------------------------------------------------------+
; Analysis & Synthesis Summary                                                      ;
+------------------------------------+----------------------------------------------+
; Analysis & Synthesis Status        ; Successful - Thu Jan 07 10:39:20 2021        ;
; Quartus II Version                 ; 9.1 Build 350 03/24/2010 SP 2 SJ Web Edition ;
; Revision Name                      ; Clock                                        ;
; Top-level Entity Name              ; Clock                                        ;
; Family                             ; Cyclone II                                   ;
; Total logic elements               ; 200                                          ;
;     Total combinational functions  ; 200                                          ;
;     Dedicated logic registers      ; 40                                           ;
; Total registers                    ; 40                                           ;
; Total pins                         ; 115                                          ;
; Total virtual pins                 ; 0                                            ;
; Total memory bits                  ; 0                                            ;
; Embedded Multiplier 9-bit elements ; 0                                            ;
; Total PLLs                         ; 0                                            ;
+------------------------------------+----------------------------------------------+


+----------------------------------------------------------------------------------------------------------------------+
; Analysis & Synthesis Settings                                                                                        ;
+----------------------------------------------------------------------------+--------------------+--------------------+
; Option                                                                     ; Setting            ; Default Value      ;
+----------------------------------------------------------------------------+--------------------+--------------------+
; Device                                                                     ; EP2C70F896C6       ;                    ;
; Top-level entity name                                                      ; Clock              ; Clock              ;
; Family name                                                                ; Cyclone II         ; Stratix II         ;
; Use Generated Physical Constraints File                                    ; Off                ;                    ;
; Use smart compilation                                                      ; Off                ; Off                ;
; Enable parallel Assembler and TimeQuest Timing Analyzer during compilation ; On                 ; On                 ;
; Enable compact report table                                                ; Off                ; Off                ;
; Restructure Multiplexers                                                   ; Auto               ; Auto               ;
; Create Debugging Nodes for IP Cores                                        ; Off                ; Off                ;
; Preserve fewer node names                                                  ; On                 ; On                 ;
; Disable OpenCore Plus hardware evaluation                                  ; Off                ; Off                ;
; Verilog Version                                                            ; Verilog_2001       ; Verilog_2001       ;
; VHDL Version                                                               ; VHDL_1993          ; VHDL_1993          ;
; State Machine Processing                                                   ; Auto               ; Auto               ;
; Safe State Machine                                                         ; Off                ; Off                ;
; Extract Verilog State Machines                                             ; On                 ; On                 ;
; Extract VHDL State Machines                                                ; On                 ; On                 ;
; Ignore Verilog initial constructs                                          ; Off                ; Off                ;
; Iteration limit for constant Verilog loops                                 ; 5000               ; 5000               ;
; Iteration limit for non-constant Verilog loops                             ; 250                ; 250                ;
; Add Pass-Through Logic to Inferred RAMs                                    ; On                 ; On                 ;
; Parallel Synthesis                                                         ; On                 ; On                 ;
; DSP Block Balancing                                                        ; Auto               ; Auto               ;
; NOT Gate Push-Back                                                         ; On                 ; On                 ;
; Power-Up Don't Care                                                        ; On                 ; On                 ;
; Remove Redundant Logic Cells                                               ; Off                ; Off                ;
; Remove Duplicate Registers                                                 ; On                 ; On                 ;
; Ignore CARRY Buffers                                                       ; Off                ; Off                ;
; Ignore CASCADE Buffers                                                     ; Off                ; Off                ;
; Ignore GLOBAL Buffers                                                      ; Off                ; Off                ;
; Ignore ROW GLOBAL Buffers                                                  ; Off                ; Off                ;
; Ignore LCELL Buffers                                                       ; Off                ; Off                ;
; Ignore SOFT Buffers                                                        ; On                 ; On                 ;
; Limit AHDL Integers to 32 Bits                                             ; Off                ; Off                ;
; Optimization Technique                                                     ; Balanced           ; Balanced           ;
; Carry Chain Length                                                         ; 70                 ; 70                 ;
; Auto Carry Chains                                                          ; On                 ; On                 ;
; Auto Open-Drain Pins                                                       ; On                 ; On                 ;
; Perform WYSIWYG Primitive Resynthesis                                      ; Off                ; Off                ;
; Auto ROM Replacement                                                       ; On                 ; On                 ;
; Auto RAM Replacement                                                       ; On                 ; On                 ;
; Auto Shift Register Replacement                                            ; Auto               ; Auto               ;
; Auto Clock Enable Replacement                                              ; On                 ; On                 ;
; Strict RAM Replacement                                                     ; Off                ; Off                ;
; Allow Synchronous Control Signals                                          ; On                 ; On                 ;
; Force Use of Synchronous Clear Signals                                     ; Off                ; Off                ;
; Auto RAM to Logic Cell Conversion                                          ; Off                ; Off                ;
; Auto Resource Sharing                                                      ; Off                ; Off                ;
; Allow Any RAM Size For Recognition                                         ; Off                ; Off                ;
; Allow Any ROM Size For Recognition                                         ; Off                ; Off                ;
; Allow Any Shift Register Size For Recognition                              ; Off                ; Off                ;
; Use LogicLock Constraints during Resource Balancing                        ; On                 ; On                 ;
; Ignore translate_off and synthesis_off directives                          ; Off                ; Off                ;
; Timing-Driven Synthesis                                                    ; Off                ; Off                ;
; Show Parameter Settings Tables in Synthesis Report                         ; On                 ; On                 ;
; Ignore Maximum Fan-Out Assignments                                         ; Off                ; Off                ;
; Synchronization Register Chain Length                                      ; 2                  ; 2                  ;
; PowerPlay Power Optimization                                               ; Normal compilation ; Normal compilation ;
; HDL message level                                                          ; Level2             ; Level2             ;
; Suppress Register Optimization Related Messages                            ; Off                ; Off                ;
; Number of Removed Registers Reported in Synthesis Report                   ; 5000               ; 5000               ;
; Number of Inverted Registers Reported in Synthesis Report                  ; 100                ; 100                ;
; Clock MUX Protection                                                       ; On                 ; On                 ;
; Auto Gated Clock Conversion                                                ; Off                ; Off                ;
; Block Design Naming                                                        ; Auto               ; Auto               ;
; SDC constraint protection                                                  ; Off                ; Off                ;
; Synthesis Effort                                                           ; Auto               ; Auto               ;
; Shift Register Replacement - Allow Asynchronous Clear Signal               ; On                 ; On                 ;
; Analysis & Synthesis Message Level                                         ; Medium             ; Medium             ;
; Disable Register Merging Across Hierarchies                                ; Auto               ; Auto               ;
; Resource Aware Inference For Block RAM                                     ; On                 ; On                 ;
+----------------------------------------------------------------------------+--------------------+--------------------+


Parallel compilation was disabled, but you have multiple processors available. Enable parallel compilation to reduce compilation time.
+-------------------------------------+
; Parallel Compilation                ;
+----------------------------+--------+
; Processors                 ; Number ;
+----------------------------+--------+
; Number detected on machine ; 4      ;
; Maximum allowed            ; 1      ;
+----------------------------+--------+


+-----------------------------------------------------------------------------------------------------------------------------------------------------------------+
; Analysis & Synthesis Source Files Read                                                                                                                          ;
+----------------------------------+-----------------+------------------------+-----------------------------------------------------------------------------------+
; File Name with User-Entered Path ; Used in Netlist ; File Type              ; File Name with Absolute Path                                                      ;
+----------------------------------+-----------------+------------------------+-----------------------------------------------------------------------------------+
; Clock.v                          ; yes             ; User Verilog HDL File  ; C:/Users/row31976300/Documents/ForLearning/elc/quartusProjects/Clock/Clock.v      ;
; Counter.v                        ; yes             ; User Verilog HDL File  ; C:/Users/row31976300/Documents/ForLearning/elc/quartusProjects/Clock/Counter.v    ;
; _BCDto7LED.v                     ; yes             ; User Verilog HDL File  ; C:/Users/row31976300/Documents/ForLearning/elc/quartusProjects/Clock/_BCDto7LED.v ;
; BellCtrl.v                       ; yes             ; User Verilog HDL File  ; C:/Users/row31976300/Documents/ForLearning/elc/quartusProjects/Clock/BellCtrl.v   ;
+----------------------------------+-----------------+------------------------+-----------------------------------------------------------------------------------+


+-----------------------------------------------------+
; Analysis & Synthesis Resource Usage Summary         ;
+---------------------------------------------+-------+
; Resource                                    ; Usage ;
+---------------------------------------------+-------+
; Estimated Total logic elements              ; 200   ;
;                                             ;       ;
; Total combinational functions               ; 200   ;
; Logic element usage by number of LUT inputs ;       ;
;     -- 4 input functions                    ; 105   ;
;     -- 3 input functions                    ; 66    ;
;     -- <=2 input functions                  ; 29    ;
;                                             ;       ;
; Logic elements by mode                      ;       ;
;     -- normal mode                          ; 177   ;
;     -- arithmetic mode                      ; 23    ;
;                                             ;       ;
; Total registers                             ; 40    ;
;     -- Dedicated logic registers            ; 40    ;
;     -- I/O registers                        ; 0     ;
;                                             ;       ;
; I/O pins                                    ; 115   ;
; Maximum fan-out node                        ; nCR   ;
; Maximum fan-out                             ; 40    ;
; Total fan-out                               ; 924   ;
; Average fan-out                             ; 2.60  ;
+---------------------------------------------+-------+


+----------------------------------------------------------------------------------------------------------------------------------------------------------------------------------------------+
; Analysis & Synthesis Resource Utilization by Entity                                                                                                                                          ;
+----------------------------+-------------------+--------------+-------------+--------------+---------+-----------+------+--------------+--------------------------------------+--------------+
; Compilation Hierarchy Node ; LC Combinationals ; LC Registers ; Memory Bits ; DSP Elements ; DSP 9x9 ; DSP 18x18 ; Pins ; Virtual Pins ; Full Hierarchy Name                  ; Library Name ;
+----------------------------+-------------------+--------------+-------------+--------------+---------+-----------+------+--------------+--------------------------------------+--------------+
; |Clock                     ; 200 (24)          ; 40 (0)       ; 0           ; 0            ; 0       ; 0         ; 115  ; 0            ; |Clock                               ; work         ;
;    |BellAlarm:Ba0|         ; 11 (11)           ; 0 (0)        ; 0           ; 0            ; 0       ; 0         ; 0    ; 0            ; |Clock|BellAlarm:Ba0                 ;              ;
;    |BellSet:Bs0|           ; 86 (4)            ; 16 (0)       ; 0           ; 0            ; 0       ; 0         ; 0    ; 0            ; |Clock|BellSet:Bs0                   ;              ;
;       |Counter10:BMin0|    ; 5 (5)             ; 4 (4)        ; 0           ; 0            ; 0       ; 0         ; 0    ; 0            ; |Clock|BellSet:Bs0|Counter10:BMin0   ;              ;
;       |Counter12:BHou|     ; 17 (17)           ; 8 (8)        ; 0           ; 0            ; 0       ; 0         ; 0    ; 0            ; |Clock|BellSet:Bs0|Counter12:BHou    ;              ;
;       |Counter6:BMin1|     ; 6 (6)             ; 4 (4)        ; 0           ; 0            ; 0       ; 0         ; 0    ; 0            ; |Clock|BellSet:Bs0|Counter6:BMin1    ;              ;
;       |hourAdd:comb_14|    ; 18 (18)           ; 0 (0)        ; 0           ; 0            ; 0       ; 0         ; 0    ; 0            ; |Clock|BellSet:Bs0|hourAdd:comb_14   ;              ;
;       |minuteAdd:comb_13|  ; 36 (36)           ; 0 (0)        ; 0           ; 0            ; 0       ; 0         ; 0    ; 0            ; |Clock|BellSet:Bs0|minuteAdd:comb_13 ;              ;
;    |Counter10:UMin0|       ; 5 (5)             ; 4 (4)        ; 0           ; 0            ; 0       ; 0         ; 0    ; 0            ; |Clock|Counter10:UMin0               ;              ;
;    |Counter10:USec0|       ; 4 (4)             ; 4 (4)        ; 0           ; 0            ; 0       ; 0         ; 0    ; 0            ; |Clock|Counter10:USec0               ;              ;
;    |Counter12:UHou|        ; 17 (17)           ; 8 (8)        ; 0           ; 0            ; 0       ; 0         ; 0    ; 0            ; |Clock|Counter12:UHou                ;              ;
;    |Counter6:UMin1|        ; 6 (6)             ; 4 (4)        ; 0           ; 0            ; 0       ; 0         ; 0    ; 0            ; |Clock|Counter6:UMin1                ;              ;
;    |Counter6:USec1|        ; 5 (5)             ; 4 (4)        ; 0           ; 0            ; 0       ; 0         ; 0    ; 0            ; |Clock|Counter6:USec1                ;              ;
;    |_BCDto7LED:Shou|       ; 14 (14)           ; 0 (0)        ; 0           ; 0            ; 0       ; 0         ; 0    ; 0            ; |Clock|_BCDto7LED:Shou               ;              ;
;    |_BCDto7LED:Smin|       ; 14 (14)           ; 0 (0)        ; 0           ; 0            ; 0       ; 0         ; 0    ; 0            ; |Clock|_BCDto7LED:Smin               ;              ;
;    |_BCDto7LED:Ssec|       ; 14 (14)           ; 0 (0)        ; 0           ; 0            ; 0       ; 0         ; 0    ; 0            ; |Clock|_BCDto7LED:Ssec               ;              ;
+----------------------------+-------------------+--------------+-------------+--------------+---------+-----------+------+--------------+--------------------------------------+--------------+
Note: For table entries with two numbers listed, the numbers in parentheses indicate the number of resources of the given type used by the specific entity alone. The numbers listed outside of parentheses indicate the total resources of the given type used by the specific entity and all of its sub-entities in the hierarchy.


+----------------------------------------------------------------------------------------------------+
; User-Specified and Inferred Latches                                                                ;
+-----------------------------------------------------+---------------------+------------------------+
; Latch Name                                          ; Latch Enable Signal ; Free of Timing Hazards ;
+-----------------------------------------------------+---------------------+------------------------+
; BellSet:Bs0|minuteAdd:comb_13|MinhBell[0]           ; SetBellMode         ; yes                    ;
; BellSet:Bs0|minuteAdd:comb_13|MinhBell[1]           ; SetBellMode         ; yes                    ;
; BellSet:Bs0|minuteAdd:comb_13|MinhBell[2]           ; SetBellMode         ; yes                    ;
; BellSet:Bs0|minuteAdd:comb_13|MinhBell[3]           ; SetBellMode         ; yes                    ;
; BellSet:Bs0|minuteAdd:comb_13|MinlBell[0]           ; SetBellMode         ; yes                    ;
; BellSet:Bs0|minuteAdd:comb_13|MinlBell[1]           ; SetBellMode         ; yes                    ;
; BellSet:Bs0|minuteAdd:comb_13|MinlBell[2]           ; SetBellMode         ; yes                    ;
; BellSet:Bs0|minuteAdd:comb_13|MinlBell[3]           ; SetBellMode         ; yes                    ;
; BellSet:Bs0|hourAdd:comb_14|HouhBell[0]             ; SetBellMode         ; yes                    ;
; BellSet:Bs0|hourAdd:comb_14|HoulBell[0]             ; SetBellMode         ; yes                    ;
; BellSet:Bs0|hourAdd:comb_14|HoulBell[1]             ; SetBellMode         ; yes                    ;
; BellSet:Bs0|hourAdd:comb_14|HoulBell[2]             ; SetBellMode         ; yes                    ;
; BellSet:Bs0|hourAdd:comb_14|HoulBell[3]             ; SetBellMode         ; yes                    ;
; Number of user-specified and inferred latches = 13  ;                     ;                        ;
+-----------------------------------------------------+---------------------+------------------------+
Note: All latches listed above may not be present at the end of synthesis due to various synthesis optimizations.


+------------------------------------------------------+
; General Register Statistics                          ;
+----------------------------------------------+-------+
; Statistic                                    ; Value ;
+----------------------------------------------+-------+
; Total registers                              ; 40    ;
; Number of registers using Synchronous Clear  ; 8     ;
; Number of registers using Synchronous Load   ; 0     ;
; Number of registers using Asynchronous Clear ; 40    ;
; Number of registers using Asynchronous Load  ; 0     ;
; Number of registers using Clock Enable       ; 34    ;
; Number of registers using Preset             ; 0     ;
+----------------------------------------------+-------+


+-----------------------------------------------------------------------------------------------------------------------------------------------------------+
; Multiplexer Restructuring Statistics (Restructuring Performed)                                                                                            ;
+--------------------+-----------+---------------+----------------------+------------------------+------------+---------------------------------------------+
; Multiplexer Inputs ; Bus Width ; Baseline Area ; Area if Restructured ; Saving if Restructured ; Registered ; Example Multiplexer Output                  ;
+--------------------+-----------+---------------+----------------------+------------------------+------------+---------------------------------------------+
; 3:1                ; 4 bits    ; 8 LEs         ; 4 LEs                ; 4 LEs                  ; Yes        ; |Clock|Counter12:UHou|qh[1]                 ;
; 3:1                ; 4 bits    ; 8 LEs         ; 4 LEs                ; 4 LEs                  ; Yes        ; |Clock|BellSet:Bs0|Counter12:BHou|qh[1]     ;
; 4:1                ; 4 bits    ; 8 LEs         ; 4 LEs                ; 4 LEs                  ; Yes        ; |Clock|Counter12:UHou|ql[1]                 ;
; 4:1                ; 4 bits    ; 8 LEs         ; 4 LEs                ; 4 LEs                  ; Yes        ; |Clock|BellSet:Bs0|Counter12:BHou|ql[1]     ;
; 4:1                ; 3 bits    ; 6 LEs         ; 3 LEs                ; 3 LEs                  ; No         ; |Clock|BellSet:Bs0|hourAdd:comb_14|HoulBell ;
+--------------------+-----------+---------------+----------------------+------------------------+------------+---------------------------------------------+


+----------------------------------------------------------------------------------------------------------------+
; Port Connectivity Checks: "Counter6:USec1"                                                                     ;
+------+--------+----------+-------------------------------------------------------------------------------------+
; Port ; Type   ; Severity ; Details                                                                             ;
+------+--------+----------+-------------------------------------------------------------------------------------+
; sCo  ; Output ; Info     ; Connected to dangling logic. Logic that only feeds a dangling port will be removed. ;
+------+--------+----------+-------------------------------------------------------------------------------------+


+-------------------------------+
; Analysis & Synthesis Messages ;
+-------------------------------+
Info: *******************************************************************
Info: Running Quartus II Analysis & Synthesis
    Info: Version 9.1 Build 350 03/24/2010 Service Pack 2 SJ Web Edition
    Info: Processing started: Thu Jan 07 10:39:19 2021
Info: Command: quartus_map --read_settings_files=on --write_settings_files=off Clock -c Clock
Info: Found 1 design units, including 1 entities, in source file clock.v
    Info: Found entity 1: Clock
Info: Found 5 design units, including 5 entities, in source file counter.v
    Info: Found entity 1: Counter10
    Info: Found entity 2: Counter6
    Info: Found entity 3: Counter2
    Info: Found entity 4: Counter60
    Info: Found entity 5: Counter12
Info: Found 1 design units, including 1 entities, in source file _bcdto7led.v
    Info: Found entity 1: _BCDto7LED
Info: Found 3 design units, including 3 entities, in source file clk_1hz.v
    Info: Found entity 1: clk_1hz
    Info: Found entity 2: divide_by_10
    Info: Found entity 3: divide_by_50
Info: Found 4 design units, including 4 entities, in source file bellctrl.v
    Info: Found entity 1: BellSet
    Info: Found entity 2: BellAlarm
    Info: Found entity 3: minuteAdd
    Info: Found entity 4: hourAdd
Warning (10236): Verilog HDL Implicit Net warning at Clock.v(29): created implicit net for "EN_ML"
Warning (10236): Verilog HDL Implicit Net warning at Clock.v(38): created implicit net for "EN_MH"
Warning (10236): Verilog HDL Implicit Net warning at Clock.v(39): created implicit net for "EN_M_H"
Warning (10236): Verilog HDL Implicit Net warning at Clock.v(41): created implicit net for "EN_HL"
Critical Warning (10846): Verilog HDL Instantiation warning at BellCtrl.v(23): instance has no name
Critical Warning (10846): Verilog HDL Instantiation warning at BellCtrl.v(25): instance has no name
Info: Elaborating entity "Clock" for the top level hierarchy
Info: Elaborating entity "Counter10" for hierarchy "Counter10:USec0"
Info: Elaborating entity "Counter6" for hierarchy "Counter6:USec1"
Info: Elaborating entity "Counter12" for hierarchy "Counter12:UHou"
Info: Elaborating entity "BellSet" for hierarchy "BellSet:Bs0"
Info: Elaborating entity "minuteAdd" for hierarchy "BellSet:Bs0|minuteAdd:comb_13"
Warning (10240): Verilog HDL Always Construct warning at BellCtrl.v(53): inferring latch(es) for variable "MinlBell", which holds its previous value in one or more paths through the always construct
Warning (10240): Verilog HDL Always Construct warning at BellCtrl.v(53): inferring latch(es) for variable "MinhBell", which holds its previous value in one or more paths through the always construct
Info (10041): Inferred latch for "MinhBell[0]" at BellCtrl.v(53)
Info (10041): Inferred latch for "MinhBell[1]" at BellCtrl.v(53)
Info (10041): Inferred latch for "MinhBell[2]" at BellCtrl.v(53)
Info (10041): Inferred latch for "MinhBell[3]" at BellCtrl.v(53)
Info (10041): Inferred latch for "MinlBell[0]" at BellCtrl.v(53)
Info (10041): Inferred latch for "MinlBell[1]" at BellCtrl.v(53)
Info (10041): Inferred latch for "MinlBell[2]" at BellCtrl.v(53)
Info (10041): Inferred latch for "MinlBell[3]" at BellCtrl.v(53)
Info: Elaborating entity "hourAdd" for hierarchy "BellSet:Bs0|hourAdd:comb_14"
Warning (10240): Verilog HDL Always Construct warning at BellCtrl.v(78): inferring latch(es) for variable "HouhBell", which holds its previous value in one or more paths through the always construct
Warning (10240): Verilog HDL Always Construct warning at BellCtrl.v(78): inferring latch(es) for variable "HoulBell", which holds its previous value in one or more paths through the always construct
Info (10041): Inferred latch for "HoulBell[0]" at BellCtrl.v(78)
Info (10041): Inferred latch for "HoulBell[1]" at BellCtrl.v(78)
Info (10041): Inferred latch for "HoulBell[2]" at BellCtrl.v(78)
Info (10041): Inferred latch for "HoulBell[3]" at BellCtrl.v(78)
Info (10041): Inferred latch for "HouhBell[0]" at BellCtrl.v(78)
Info (10041): Inferred latch for "HouhBell[1]" at BellCtrl.v(78)
Info (10041): Inferred latch for "HouhBell[2]" at BellCtrl.v(78)
Info (10041): Inferred latch for "HouhBell[3]" at BellCtrl.v(78)
Info: Elaborating entity "BellAlarm" for hierarchy "BellAlarm:Ba0"
Info: Elaborating entity "_BCDto7LED" for hierarchy "_BCDto7LED:Ssec"
Warning: Output pins are stuck at VCC or GND
    Warning (13410): Pin "HouhBell[1]" is stuck at GND
    Warning (13410): Pin "HouhBell[2]" is stuck at GND
    Warning (13410): Pin "HouhBell[3]" is stuck at GND
    Warning (13410): Pin "segS[7]" is stuck at VCC
    Warning (13410): Pin "segS[15]" is stuck at VCC
    Warning (13410): Pin "segM[7]" is stuck at VCC
    Warning (13410): Pin "segM[15]" is stuck at VCC
    Warning (13410): Pin "segH[7]" is stuck at VCC
    Warning (13410): Pin "segH[15]" is stuck at VCC
Info: Implemented 315 device resources after synthesis - the final resource count might be different
    Info: Implemented 9 input pins
    Info: Implemented 106 output pins
    Info: Implemented 200 logic cells
Info: Quartus II Analysis & Synthesis was successful. 0 errors, 20 warnings
    Info: Peak virtual memory: 230 megabytes
    Info: Processing ended: Thu Jan 07 10:39:20 2021
    Info: Elapsed time: 00:00:01
    Info: Total CPU time (on all processors): 00:00:02


